<?xml version="1.0" encoding="UTF-8"?>
<!-- Generated by org.testng.reporters.JUnitXMLReporter -->
<testsuite hostname="DESKTOP-9BG7FDN" ignored="1" name="Test123(failed)" tests="2" failures="0" timestamp="26 Feb 2019 01:56:50 GMT" time="0.081" errors="0">
  <testcase name="failingTestCase" time="0.016" classname="com.testng.examples.SkipTestCases"/>
  <testcase name="substraction" time="0.004" classname="com.testng.examples.SkipTestCases">
    <skipped/>
  </testcase> <!-- substraction -->
  <testcase name="addition" time="0.0" classname="com.testng.examples.SkipTestCases">
    <ignored/>
  </testcase> <!-- addition -->
</testsuite> <!-- Test123(failed) -->
