<?xml version="1.0" encoding="UTF-8"?>
<!-- Generated by org.testng.reporters.JUnitXMLReporter -->
<testsuite hostname="DESKTOP-9BG7FDN" ignored="1" name="hellotest" tests="1" failures="0" timestamp="17 Dec 2018 16:00:58 GMT" time="0.004" errors="0">
  <testcase name="patientCBCTest" time="0.002" classname="com.testng.examples.PatienLabTest"/>
  <testcase name="patienturinaryTest" time="0.0" classname="com.testng.examples.PatienLabTest">
    <ignored/>
  </testcase> <!-- patienturinaryTest -->
</testsuite> <!-- hellotest -->
