<?xml version="1.0" encoding="UTF-8"?>
<!-- Generated by org.testng.reporters.JUnitXMLReporter -->
<testsuite hostname="DESKTOP-9BG7FDN" ignored="1" name="mytest1" tests="1" failures="0" timestamp="17 Dec 2018 16:20:02 GMT" time="0.013" errors="0">
  <testcase name="patientCBCTest" time="0.004" classname="com.testng.examples.PatienLabTest"/>
  <testcase name="patienturinaryTest" time="0.0" classname="com.testng.examples.PatienLabTest">
    <ignored/>
  </testcase> <!-- patienturinaryTest -->
</testsuite> <!-- mytest1 -->
