<?xml version="1.0" encoding="UTF-8"?>
<!-- Generated by org.testng.reporters.JUnitXMLReporter -->
<testsuite hostname="DESKTOP-9BG7FDN" ignored="3" name="mytest" tests="2" failures="0" timestamp="18 Jan 2019 14:06:55 GMT" time="0.088" errors="0">
  <testcase name="reportpatient" time="0.014" classname="com.testng.examples.PatienLabTest"/>
  <testcase name="patientadd" time="0.003" classname="com.testng.examples.PatientModule"/>
  <testcase name="patientCBCTest" time="0.0" classname="com.testng.examples.PatienLabTest">
    <ignored/>
  </testcase> <!-- patientCBCTest -->
  <testcase name="patientdiagnosis" time="0.0" classname="com.testng.examples.PatientModule">
    <ignored/>
  </testcase> <!-- patientdiagnosis -->
  <testcase name="patienturinaryTest" time="0.0" classname="com.testng.examples.PatienLabTest">
    <ignored/>
  </testcase> <!-- patienturinaryTest -->
</testsuite> <!-- mytest -->
