<?xml version="1.0" encoding="UTF-8"?>
<!-- Generated by org.testng.reporters.JUnitXMLReporter -->
<testsuite hostname="DESKTOP-9BG7FDN" ignored="0" name="smoke" tests="4" failures="0" timestamp="17 Dec 2018 15:41:48 GMT" time="0.057" errors="0">
  <testcase name="patientCBCTest" time="0.011" classname="com.testng.examples.PatienLabTest"/>
  <testcase name="patienturinaryTest" time="0.003" classname="com.testng.examples.PatienLabTest"/>
  <testcase name="patientdiagnosis" time="0.002" classname="com.testng.examples.PatientModule"/>
  <testcase name="patientadd" time="0.002" classname="com.testng.examples.PatientModule"/>
</testsuite> <!-- smoke -->
