<?xml version="1.0" encoding="UTF-8"?>
<testng-results skipped="0" failed="0" ignored="0" total="2" passed="2">
  <reporter-output>
  </reporter-output>
  <suite name="Default suite" duration-ms="43" started-at="2019-03-03T06:03:15Z" finished-at="2019-03-03T06:03:15Z">
    <groups>
    </groups>
    <test name="Default test" duration-ms="43" started-at="2019-03-03T06:03:15Z" finished-at="2019-03-03T06:03:15Z">
      <class name="com.testng.examples.AnnotationExecution">
        <test-method status="PASS" signature="setSystemPropert()[pri:0, instance:com.testng.examples.AnnotationExecution@475530b9]" name="setSystemPropert" is-config="true" duration-ms="11" started-at="2019-03-03T06:03:15Z" finished-at="2019-03-03T06:03:15Z">
          <reporter-output>
          </reporter-output>
        </test-method> <!-- setSystemPropert -->
        <test-method status="PASS" signature="openBrowser()[pri:0, instance:com.testng.examples.AnnotationExecution@475530b9]" name="openBrowser" is-config="true" duration-ms="0" started-at="2019-03-03T06:03:15Z" finished-at="2019-03-03T06:03:15Z">
          <reporter-output>
          </reporter-output>
        </test-method> <!-- openBrowser -->
        <test-method status="PASS" signature="enterURL()[pri:0, instance:com.testng.examples.AnnotationExecution@475530b9]" name="enterURL" is-config="true" duration-ms="0" started-at="2019-03-03T06:03:15Z" finished-at="2019-03-03T06:03:15Z">
          <reporter-output>
          </reporter-output>
        </test-method> <!-- enterURL -->
        <test-method status="PASS" signature="userisOnHomePage()[pri:0, instance:com.testng.examples.AnnotationExecution@475530b9]" name="userisOnHomePage" is-config="true" duration-ms="4" started-at="2019-03-03T06:03:15Z" finished-at="2019-03-03T06:03:15Z">
          <reporter-output>
          </reporter-output>
        </test-method> <!-- userisOnHomePage -->
        <test-method status="PASS" signature="verifyHomePageTitle()[pri:0, instance:com.testng.examples.AnnotationExecution@475530b9]" name="verifyHomePageTitle" duration-ms="4" started-at="2019-03-03T06:03:15Z" finished-at="2019-03-03T06:03:15Z">
          <reporter-output>
          </reporter-output>
        </test-method> <!-- verifyHomePageTitle -->
        <test-method status="PASS" signature="HomePagetestVerified()[pri:0, instance:com.testng.examples.AnnotationExecution@475530b9]" name="HomePagetestVerified" is-config="true" duration-ms="0" started-at="2019-03-03T06:03:15Z" finished-at="2019-03-03T06:03:15Z">
          <reporter-output>
          </reporter-output>
        </test-method> <!-- HomePagetestVerified -->
        <test-method status="PASS" signature="HomePagetestVerified()[pri:0, instance:com.testng.examples.AnnotationExecution@475530b9]" name="HomePagetestVerified" is-config="true" duration-ms="4" started-at="2019-03-03T06:03:15Z" finished-at="2019-03-03T06:03:15Z">
          <reporter-output>
          </reporter-output>
        </test-method> <!-- HomePagetestVerified -->
        <test-method status="PASS" signature="userisOnHomePage()[pri:0, instance:com.testng.examples.AnnotationExecution@475530b9]" name="userisOnHomePage" is-config="true" duration-ms="0" started-at="2019-03-03T06:03:15Z" finished-at="2019-03-03T06:03:15Z">
          <reporter-output>
          </reporter-output>
        </test-method> <!-- userisOnHomePage -->
        <test-method status="PASS" signature="verifyallLinksOnHomePage()[pri:0, instance:com.testng.examples.AnnotationExecution@475530b9]" name="verifyallLinksOnHomePage" duration-ms="0" started-at="2019-03-03T06:03:15Z" finished-at="2019-03-03T06:03:15Z">
          <reporter-output>
          </reporter-output>
        </test-method> <!-- verifyallLinksOnHomePage -->
        <test-method status="PASS" signature="nobug()[pri:0, instance:com.testng.examples.AnnotationExecution@475530b9]" name="nobug" is-config="true" duration-ms="0" started-at="2019-03-03T06:03:15Z" finished-at="2019-03-03T06:03:15Z">
          <reporter-output>
          </reporter-output>
        </test-method> <!-- nobug -->
        <test-method status="PASS" signature="closeBrowser()[pri:0, instance:com.testng.examples.AnnotationExecution@475530b9]" name="closeBrowser" is-config="true" duration-ms="0" started-at="2019-03-03T06:03:15Z" finished-at="2019-03-03T06:03:15Z">
          <reporter-output>
          </reporter-output>
        </test-method> <!-- closeBrowser -->
        <test-method status="PASS" signature="cleaBrowserrCookiesAndCatche()[pri:0, instance:com.testng.examples.AnnotationExecution@475530b9]" name="cleaBrowserrCookiesAndCatche" is-config="true" duration-ms="0" started-at="2019-03-03T06:03:16Z" finished-at="2019-03-03T06:03:16Z">
          <reporter-output>
          </reporter-output>
        </test-method> <!-- cleaBrowserrCookiesAndCatche -->
      </class> <!-- com.testng.examples.AnnotationExecution -->
    </test> <!-- Default test -->
  </suite> <!-- Default suite -->
</testng-results>
